<?xml version="1.0" encoding="UTF-8"?>
<!-- Generated by org.testng.reporters.JUnitReportReporter -->
<testsuite hostname="DESKTOP-DVAHHHB" name="qaclickacademy.ApiTest" tests="2" failures="0" timestamp="21 Aug 2020 11:01:35 GMT" time="0.046" errors="0">
  <testcase name="RestAssured" time="0.046" classname="qaclickacademy.ApiTest"/>
  <testcase name="UiJira" time="0.000" classname="qaclickacademy.ApiTest"/>
</testsuite> <!-- qaclickacademy.ApiTest -->
