<?xml version="1.0" encoding="UTF-8"?>
<!-- Generated by org.testng.reporters.JUnitReportReporter -->
<testsuite hostname="DESKTOP-DVAHHHB" name="qaclickacademy.SeleniumTest" tests="1" failures="0" timestamp="21 Aug 2020 11:01:35 GMT" time="0.007" errors="0">
  <testcase name="WebAutomation" time="0.007" classname="qaclickacademy.SeleniumTest"/>
</testsuite> <!-- qaclickacademy.SeleniumTest -->
