<?xml version="1.0" encoding="UTF-8"?>
<!-- Generated by org.testng.reporters.JUnitReportReporter -->
<testsuite hostname="DESKTOP-DVAHHHB" name="qaclickacademy.AppiumTest" tests="2" failures="0" timestamp="21 Aug 2020 11:01:35 GMT" time="0.016" errors="0">
  <testcase name="HybdridApps" time="0.000" classname="qaclickacademy.AppiumTest"/>
  <testcase name="NativeApps" time="0.016" classname="qaclickacademy.AppiumTest"/>
</testsuite> <!-- qaclickacademy.AppiumTest -->
